This is pdfTeX, Version 3.14159265-2.6-1.40.16 (TeX Live 2015/Debian) (preloaded format=pdflatex 2016.5.24)  10 JAN 2017 11:49
entering extended mode
 restricted \write18 enabled.
 %&-line parsing enabled.
**text.tex

(/home/john/storage/nextcloud/phd_years/FOPO/single-mode-fibre-opo/code/SM-FOPO
/text.tex
LaTeX2e <2016/02/01>
Babel <3.9q> and hyphenation patterns for 81 language(s) loaded.
(/usr/share/texlive/texmf-dist/tex/latex/base/article.cls
Document Class: article 2014/09/29 v1.4h Standard LaTeX document class
(/usr/share/texlive/texmf-dist/tex/latex/base/size10.clo
File: size10.clo 2014/09/29 v1.4h Standard LaTeX file (size option)
)
\c@part=\count79
\c@section=\count80
\c@subsection=\count81
\c@subsubsection=\count82
\c@paragraph=\count83
\c@subparagraph=\count84
\c@figure=\count85
\c@table=\count86
\abovecaptionskip=\skip41
\belowcaptionskip=\skip42
\bibindent=\dimen102
)
(/usr/share/texlive/texmf-dist/tex/latex/python/python.sty
Package: python 2007/06/07 v0.21 Python in LaTeX
\@out=\write3
\@module=\write4
)
(/home/john/storage/nextcloud/phd_years/FOPO/single-mode-fibre-opo/code/SM-FOPO
/text.aux)
\openout1 = `text.aux'.

LaTeX Font Info:    Checking defaults for OML/cmm/m/it on input line 3.
LaTeX Font Info:    ... okay on input line 3.
LaTeX Font Info:    Checking defaults for T1/cmr/m/n on input line 3.
LaTeX Font Info:    ... okay on input line 3.
LaTeX Font Info:    Checking defaults for OT1/cmr/m/n on input line 3.
LaTeX Font Info:    ... okay on input line 3.
LaTeX Font Info:    Checking defaults for OMS/cmsy/m/n on input line 3.
LaTeX Font Info:    ... okay on input line 3.
LaTeX Font Info:    Checking defaults for OMX/cmex/m/n on input line 3.
LaTeX Font Info:    ... okay on input line 3.
LaTeX Font Info:    Checking defaults for U/cmr/m/n on input line 3.
LaTeX Font Info:    ... okay on input line 3.
\openout3 = `text.py'.

\openout4 = `latex.py'.

runsystem(cat  text.py | python > text.py.out 2> text.py.err)...disabled (restr
icted).


! I can't find file `text.py.out'.
<to be read again> 
                   \def 
l.9 \end{python}
                
(Press Enter to retry, or Control-D to exit)
Please type another input file name
! Emergency stop.
<to be read again> 
                   \def 
l.9 \end{python}
                
*** (job aborted, file error in nonstop mode)

 
Here is how much of TeX's memory you used:
 217 strings out of 493029
 2857 string characters out of 6136234
 53064 words of memory out of 5000000
 3834 multiletter control sequences out of 15000+600000
 3640 words of font info for 14 fonts, out of 8000000 for 9000
 1141 hyphenation exceptions out of 8191
 23i,0n,17p,131b,48s stack positions out of 5000i,500n,10000p,200000b,80000s
!  ==> Fatal error occurred, no output PDF file produced!
